<?xml version="1.0" encoding="UTF-8"?>
<!-- Generated by org.testng.reporters.JUnitReportReporter -->
<testsuite skipped="0" hostname="DESKTOP-U9ISIKA" name="testcases.TestA" tests="3" failures="0" timestamp="16 Aug 2019 14:09:35 GMT" time="0.005" errors="0">
  <testcase name="doLogin" time="0.003" classname="testcases.TestA"/>
  <testcase name="doPasswordChange" time="0.001" classname="testcases.TestA"/>
  <testcase name="doLogout" time="0.001" classname="testcases.TestA"/>
</testsuite> <!-- testcases.TestA -->
