<?xml version="1.0" encoding="UTF-8"?>
<!-- Generated by org.testng.reporters.JUnitReportReporter -->
<testsuite skipped="0" hostname="DESKTOP-U9ISIKA" name="testcases.TestC" tests="3" failures="0" timestamp="17 Aug 2019 18:52:41 GMT" time="0.022" errors="0">
  <testcase name="loginTest" time="0.001" classname="testcases.TestC"/>
  <testcase name="loginTest" time="0.019" classname="testcases.TestC"/>
  <testcase name="loginTest" time="0.002" classname="testcases.TestC"/>
</testsuite> <!-- testcases.TestC -->
